Release 14.7 - xst P.20131013 (nt64)
Copyright (c) 1995-2013 Xilinx, Inc.  All rights reserved.
--> Parameter TMPDIR set to xst/projnav.tmp


Total REAL time to Xst completion: 0.00 secs
Total CPU time to Xst completion: 0.15 secs
 
--> Parameter xsthdpdir set to xst


Total REAL time to Xst completion: 0.00 secs
Total CPU time to Xst completion: 0.15 secs
 
--> Reading design: DAC_TOP.prj

TABLE OF CONTENTS
  1) Synthesis Options Summary
  2) HDL Compilation
  3) Design Hierarchy Analysis
  4) HDL Analysis
  5) HDL Synthesis
     5.1) HDL Synthesis Report
  6) Advanced HDL Synthesis
     6.1) Advanced HDL Synthesis Report
  7) Low Level Synthesis
  8) Partition Report
  9) Final Report
	9.1) Device utilization summary
	9.2) Partition Resource Summary
	9.3) TIMING REPORT


=========================================================================
*                      Synthesis Options Summary                        *
=========================================================================
---- Source Parameters
Input File Name                    : "DAC_TOP.prj"
Input Format                       : mixed
Ignore Synthesis Constraint File   : NO

---- Target Parameters
Output File Name                   : "DAC_TOP"
Output Format                      : NGC
Target Device                      : xc3s500e-4-fg320

---- Source Options
Top Module Name                    : DAC_TOP
Automatic FSM Extraction           : YES
FSM Encoding Algorithm             : Auto
Safe Implementation                : No
FSM Style                          : LUT
RAM Extraction                     : Yes
RAM Style                          : Auto
ROM Extraction                     : Yes
Mux Style                          : Auto
Decoder Extraction                 : YES
Priority Encoder Extraction        : Yes
Shift Register Extraction          : YES
Logical Shifter Extraction         : YES
XOR Collapsing                     : YES
ROM Style                          : Auto
Mux Extraction                     : Yes
Resource Sharing                   : YES
Asynchronous To Synchronous        : NO
Multiplier Style                   : Auto
Automatic Register Balancing       : No

---- Target Options
Add IO Buffers                     : YES
Global Maximum Fanout              : 100000
Add Generic Clock Buffer(BUFG)     : 24
Register Duplication               : YES
Slice Packing                      : YES
Optimize Instantiated Primitives   : NO
Use Clock Enable                   : Yes
Use Synchronous Set                : Yes
Use Synchronous Reset              : Yes
Pack IO Registers into IOBs        : Auto
Equivalent register Removal        : YES

---- General Options
Optimization Goal                  : Speed
Optimization Effort                : 1
Keep Hierarchy                     : No
Netlist Hierarchy                  : As_Optimized
RTL Output                         : Yes
Global Optimization                : AllClockNets
Read Cores                         : YES
Write Timing Constraints           : NO
Cross Clock Analysis               : NO
Hierarchy Separator                : /
Bus Delimiter                      : <>
Case Specifier                     : Maintain
Slice Utilization Ratio            : 100
BRAM Utilization Ratio             : 100
Verilog 2001                       : YES
Auto BRAM Packing                  : NO
Slice Utilization Ratio Delta      : 5

=========================================================================


=========================================================================
*                          HDL Compilation                              *
=========================================================================
Compiling vhdl file "F:/XilinxISEWeMiF/DKopiec/CA/DAC_Control.vhd" in Library work.
Entity <dac_control> compiled.
Entity <dac_control> (Architecture <dac_control>) compiled.
Compiling vhdl file "F:/XilinxISEWeMiF/DKopiec/CA/DAC_TOP.vhd" in Library work.
Entity <dac_top> compiled.
Entity <dac_top> (Architecture <dac>) compiled.

=========================================================================
*                     Design Hierarchy Analysis                         *
=========================================================================
Analyzing hierarchy for entity <DAC_TOP> in library <work> (architecture <dac>).

Analyzing hierarchy for entity <DAC_Control> in library <work> (architecture <dac_control>).


=========================================================================
*                            HDL Analysis                               *
=========================================================================
Analyzing Entity <DAC_TOP> in library <work> (Architecture <dac>).
INFO:Xst:2679 - Register <command> in unit <DAC_TOP> has a constant value of 0011 during circuit operation. The register is replaced by logic.
INFO:Xst:2679 - Register <address> in unit <DAC_TOP> has a constant value of 1111 during circuit operation. The register is replaced by logic.
INFO:Xst:2679 - Register <pattern> in unit <DAC_TOP> has a constant value of 010000000000 during circuit operation. The register is replaced by logic.
INFO:Xst:2679 - Register <dacdata<31>> in unit <DAC_TOP> has a constant value of 0 during circuit operation. The register is replaced by logic.
INFO:Xst:2679 - Register <dacdata<30>> in unit <DAC_TOP> has a constant value of 0 during circuit operation. The register is replaced by logic.
INFO:Xst:2679 - Register <dacdata<29>> in unit <DAC_TOP> has a constant value of 0 during circuit operation. The register is replaced by logic.
INFO:Xst:2679 - Register <dacdata<28>> in unit <DAC_TOP> has a constant value of 0 during circuit operation. The register is replaced by logic.
INFO:Xst:2679 - Register <dacdata<27>> in unit <DAC_TOP> has a constant value of 0 during circuit operation. The register is replaced by logic.
INFO:Xst:2679 - Register <dacdata<26>> in unit <DAC_TOP> has a constant value of 0 during circuit operation. The register is replaced by logic.
INFO:Xst:2679 - Register <dacdata<25>> in unit <DAC_TOP> has a constant value of 0 during circuit operation. The register is replaced by logic.
INFO:Xst:2679 - Register <dacdata<24>> in unit <DAC_TOP> has a constant value of 0 during circuit operation. The register is replaced by logic.
INFO:Xst:2679 - Register <dacdata<3>> in unit <DAC_TOP> has a constant value of 0 during circuit operation. The register is replaced by logic.
INFO:Xst:2679 - Register <dacdata<2>> in unit <DAC_TOP> has a constant value of 0 during circuit operation. The register is replaced by logic.
INFO:Xst:2679 - Register <dacdata<1>> in unit <DAC_TOP> has a constant value of 0 during circuit operation. The register is replaced by logic.
INFO:Xst:2679 - Register <dacdata<0>> in unit <DAC_TOP> has a constant value of 0 during circuit operation. The register is replaced by logic.
Entity <DAC_TOP> analyzed. Unit <DAC_TOP> generated.

Analyzing Entity <DAC_Control> in library <work> (Architecture <dac_control>).
INFO:Xst:1433 - Contents of array <DAC_SEND> may be accessed with an index that exceeds the array size. This could cause simulation mismatch.
Entity <DAC_Control> analyzed. Unit <DAC_Control> generated.


=========================================================================
*                           HDL Synthesis                               *
=========================================================================

Performing bidirectional port resolution...
INFO:Xst:2679 - Register <dacdata<4>> in unit <DAC_TOP> has a constant value of 0 during circuit operation. The register is replaced by logic.
INFO:Xst:2679 - Register <dacdata<5>> in unit <DAC_TOP> has a constant value of 0 during circuit operation. The register is replaced by logic.
INFO:Xst:2679 - Register <dacdata<6>> in unit <DAC_TOP> has a constant value of 0 during circuit operation. The register is replaced by logic.
INFO:Xst:2679 - Register <dacdata<7>> in unit <DAC_TOP> has a constant value of 0 during circuit operation. The register is replaced by logic.
INFO:Xst:2679 - Register <dacdata<8>> in unit <DAC_TOP> has a constant value of 0 during circuit operation. The register is replaced by logic.
INFO:Xst:2679 - Register <dacdata<9>> in unit <DAC_TOP> has a constant value of 0 during circuit operation. The register is replaced by logic.
INFO:Xst:2679 - Register <dacdata<10>> in unit <DAC_TOP> has a constant value of 0 during circuit operation. The register is replaced by logic.
INFO:Xst:2679 - Register <dacdata<11>> in unit <DAC_TOP> has a constant value of 0 during circuit operation. The register is replaced by logic.
INFO:Xst:2679 - Register <dacdata<12>> in unit <DAC_TOP> has a constant value of 0 during circuit operation. The register is replaced by logic.
INFO:Xst:2679 - Register <dacdata<13>> in unit <DAC_TOP> has a constant value of 0 during circuit operation. The register is replaced by logic.
INFO:Xst:2679 - Register <dacdata<14>> in unit <DAC_TOP> has a constant value of 1 during circuit operation. The register is replaced by logic.
INFO:Xst:2679 - Register <dacdata<20>> in unit <DAC_TOP> has a constant value of 1 during circuit operation. The register is replaced by logic.
INFO:Xst:2679 - Register <dacdata<15>> in unit <DAC_TOP> has a constant value of 0 during circuit operation. The register is replaced by logic.
INFO:Xst:2679 - Register <dacdata<16>> in unit <DAC_TOP> has a constant value of 1 during circuit operation. The register is replaced by logic.
INFO:Xst:2679 - Register <dacdata<21>> in unit <DAC_TOP> has a constant value of 1 during circuit operation. The register is replaced by logic.
INFO:Xst:2679 - Register <dacdata<22>> in unit <DAC_TOP> has a constant value of 0 during circuit operation. The register is replaced by logic.
INFO:Xst:2679 - Register <dacdata<17>> in unit <DAC_TOP> has a constant value of 1 during circuit operation. The register is replaced by logic.
INFO:Xst:2679 - Register <dacdata<23>> in unit <DAC_TOP> has a constant value of 0 during circuit operation. The register is replaced by logic.
INFO:Xst:2679 - Register <dacdata<18>> in unit <DAC_TOP> has a constant value of 1 during circuit operation. The register is replaced by logic.
INFO:Xst:2679 - Register <dacdata<19>> in unit <DAC_TOP> has a constant value of 1 during circuit operation. The register is replaced by logic.

Synthesizing Unit <DAC_Control>.
    Related source file is "F:/XilinxISEWeMiF/DKopiec/CA/DAC_Control.vhd".
    Register <RDY> equivalent to <DAC_CS> has been removed
    Found finite state machine <FSM_0> for signal <state>.
    -----------------------------------------------------------------------
    | States             | 4                                              |
    | Transitions        | 5                                              |
    | Inputs             | 1                                              |
    | Outputs            | 5                                              |
    | Clock              | CLK                       (rising_edge)        |
    | Clock enable       | RST                       (negative)           |
    | Power Up State     | idle                                           |
    | Encoding           | automatic                                      |
    | Implementation     | LUT                                            |
    -----------------------------------------------------------------------
    Found 1-bit register for signal <DAC_SCK>.
    Found 1-bit register for signal <DAC_MOSI>.
    Found 1-bit register for signal <DAC_CS>.
    Found 1-bit 32-to-1 multiplexer for signal <$varindex0000> created at line 54.
    Found 6-bit register for signal <index>.
    Found 6-bit adder for signal <index$addsub0000> created at line 59.
    Summary:
	inferred   1 Finite State Machine(s).
	inferred   9 D-type flip-flop(s).
	inferred   1 Adder/Subtractor(s).
	inferred   1 Multiplexer(s).
Unit <DAC_Control> synthesized.


Synthesizing Unit <DAC_TOP>.
    Related source file is "F:/XilinxISEWeMiF/DKopiec/CA/DAC_TOP.vhd".
WARNING:Xst:646 - Signal <pattern> is assigned but never used. This unconnected signal will be trimmed during the optimization process.
WARNING:Xst:646 - Signal <command> is assigned but never used. This unconnected signal will be trimmed during the optimization process.
WARNING:Xst:646 - Signal <address> is assigned but never used. This unconnected signal will be trimmed during the optimization process.
    Found 1-bit register for signal <DAC_CLR>.
    Summary:
	inferred   1 D-type flip-flop(s).
Unit <DAC_TOP> synthesized.


=========================================================================
HDL Synthesis Report

Macro Statistics
# Adders/Subtractors                                   : 1
 6-bit adder                                           : 1
# Registers                                            : 5
 1-bit register                                        : 4
 6-bit register                                        : 1
# Multiplexers                                         : 1
 1-bit 32-to-1 multiplexer                             : 1

=========================================================================

=========================================================================
*                       Advanced HDL Synthesis                          *
=========================================================================

Analyzing FSM <FSM_0> for best encoding.
Optimizing FSM <U1/state/FSM> on signal <state[1:4]> with one-hot encoding.
-------------------
 State | Encoding
-------------------
 idle  | 0001
 ready | 0010
 send  | 0100
 check | 1000
-------------------

=========================================================================
Advanced HDL Synthesis Report

Macro Statistics
# FSMs                                                 : 1
# Adders/Subtractors                                   : 1
 6-bit adder                                           : 1
# Registers                                            : 10
 Flip-Flops                                            : 10
# Multiplexers                                         : 1
 1-bit 32-to-1 multiplexer                             : 1

=========================================================================

=========================================================================
*                         Low Level Synthesis                           *
=========================================================================

Optimizing unit <DAC_TOP> ...

Optimizing unit <DAC_Control> ...

Mapping all equations...
Building and optimizing final netlist ...
Found area constraint ratio of 100 (+ 5) on block DAC_TOP, actual ratio is 0.

Final Macro Processing ...

=========================================================================
Final Register Report

Macro Statistics
# Registers                                            : 14
 Flip-Flops                                            : 14

=========================================================================

=========================================================================
*                           Partition Report                            *
=========================================================================

Partition Implementation Status
-------------------------------

  No Partitions were found in this design.

-------------------------------

=========================================================================
*                            Final Report                               *
=========================================================================
Final Results
RTL Top Level Output File Name     : DAC_TOP.ngr
Top Level Output File Name         : DAC_TOP
Output Format                      : NGC
Optimization Goal                  : Speed
Keep Hierarchy                     : No

Design Statistics
# IOs                              : 6

Cell Usage :
# BELS                             : 24
#      INV                         : 1
#      LUT2                        : 1
#      LUT2_D                      : 1
#      LUT2_L                      : 1
#      LUT3                        : 2
#      LUT3_D                      : 1
#      LUT3_L                      : 2
#      LUT4                        : 11
#      LUT4_L                      : 3
#      VCC                         : 1
# FlipFlops/Latches                : 14
#      FDC                         : 7
#      FDE                         : 7
# Clock Buffers                    : 1
#      BUFGP                       : 1
# IO Buffers                       : 5
#      IBUF                        : 1
#      OBUF                        : 4
=========================================================================

Device utilization summary:
---------------------------

Selected Device : 3s500efg320-4 

 Number of Slices:                       11  out of   4656     0%  
 Number of Slice Flip Flops:             13  out of   9312     0%  
 Number of 4 input LUTs:                 23  out of   9312     0%  
 Number of IOs:                           6
 Number of bonded IOBs:                   6  out of    232     2%  
    IOB Flip Flops:                       1
 Number of GCLKs:                         1  out of     24     4%  

---------------------------
Partition Resource Summary:
---------------------------

  No Partitions were found in this design.

---------------------------


=========================================================================
TIMING REPORT

NOTE: THESE TIMING NUMBERS ARE ONLY A SYNTHESIS ESTIMATE.
      FOR ACCURATE TIMING INFORMATION PLEASE REFER TO THE TRACE REPORT
      GENERATED AFTER PLACE-and-ROUTE.

Clock Information:
------------------
-----------------------------------+------------------------+-------+
Clock Signal                       | Clock buffer(FF name)  | Load  |
-----------------------------------+------------------------+-------+
CLK                                | BUFGP                  | 14    |
-----------------------------------+------------------------+-------+

Asynchronous Control Signals Information:
----------------------------------------
-----------------------------------+------------------------+-------+
Control Signal                     | Buffer(FF name)        | Load  |
-----------------------------------+------------------------+-------+
RST                                | IBUF                   | 7     |
-----------------------------------+------------------------+-------+

Timing Summary:
---------------
Speed Grade: -4

   Minimum period: 4.667ns (Maximum Frequency: 214.270MHz)
   Minimum input arrival time before clock: 3.942ns
   Maximum output required time after clock: 4.310ns
   Maximum combinational path delay: No path found

Timing Detail:
--------------
All values displayed in nanoseconds (ns)

=========================================================================
Timing constraint: Default period analysis for Clock 'CLK'
  Clock period: 4.667ns (frequency: 214.270MHz)
  Total number of paths / destination ports: 74 / 13
-------------------------------------------------------------------------
Delay:               4.667ns (Levels of Logic = 3)
  Source:            U1/state_FSM_FFd3 (FF)
  Destination:       U1/DAC_MOSI (FF)
  Source Clock:      CLK rising
  Destination Clock: CLK rising

  Data Path: U1/state_FSM_FFd3 to U1/DAC_MOSI
                                Gate     Net
    Cell:in->out      fanout   Delay   Delay  Logical Name (Net Name)
    ----------------------------------------  ------------
     FDE:C->Q              5   0.591   0.808  U1/state_FSM_FFd3 (U1/state_FSM_FFd3)
     LUT3:I0->O            1   0.704   0.424  U1/DAC_MOSI_mux000021_SW0 (N10)
     LUT4:I3->O            1   0.704   0.424  U1/DAC_MOSI_mux000021 (U1/DAC_MOSI_mux000021)
     LUT4:I3->O            1   0.704   0.000  U1/DAC_MOSI_mux000027 (U1/DAC_MOSI_mux0000)
     FDE:D                     0.308          U1/DAC_MOSI
    ----------------------------------------
    Total                      4.667ns (3.011ns logic, 1.656ns route)
                                       (64.5% logic, 35.5% route)

=========================================================================
Timing constraint: Default OFFSET IN BEFORE for Clock 'CLK'
  Total number of paths / destination ports: 7 / 7
-------------------------------------------------------------------------
Offset:              3.942ns (Levels of Logic = 2)
  Source:            RST (PAD)
  Destination:       U1/state_FSM_FFd1 (FF)
  Destination Clock: CLK rising

  Data Path: RST to U1/state_FSM_FFd1
                                Gate     Net
    Cell:in->out      fanout   Delay   Delay  Logical Name (Net Name)
    ----------------------------------------  ------------
     IBUF:I->O             8   1.218   0.757  RST_IBUF (RST_IBUF)
     INV:I->O              7   0.704   0.708  U1/RST_inv1_INV_0 (U1/RST_inv)
     FDE:CE                    0.555          U1/DAC_MOSI
    ----------------------------------------
    Total                      3.942ns (2.477ns logic, 1.465ns route)
                                       (62.8% logic, 37.2% route)

=========================================================================
Timing constraint: Default OFFSET OUT AFTER for Clock 'CLK'
  Total number of paths / destination ports: 4 / 4
-------------------------------------------------------------------------
Offset:              4.310ns (Levels of Logic = 1)
  Source:            U1/DAC_MOSI (FF)
  Destination:       DAC_MOSI (PAD)
  Source Clock:      CLK rising

  Data Path: U1/DAC_MOSI to DAC_MOSI
                                Gate     Net
    Cell:in->out      fanout   Delay   Delay  Logical Name (Net Name)
    ----------------------------------------  ------------
     FDE:C->Q              2   0.591   0.447  U1/DAC_MOSI (U1/DAC_MOSI)
     OBUF:I->O                 3.272          DAC_MOSI_OBUF (DAC_MOSI)
    ----------------------------------------
    Total                      4.310ns (3.863ns logic, 0.447ns route)
                                       (89.6% logic, 10.4% route)

=========================================================================


Total REAL time to Xst completion: 6.00 secs
Total CPU time to Xst completion: 5.28 secs
 
--> 

Total memory usage is 258412 kilobytes

Number of errors   :    0 (   0 filtered)
Number of warnings :    3 (   0 filtered)
Number of infos    :   36 (   0 filtered)

