
****** PlanAhead v14.7 (64-bit)
  **** Build 321239 by xbuild on Fri Sep 27 19:29:51 MDT 2013
    ** Copyright 1986-1999, 2001-2013 Xilinx, Inc. All Rights Reserved.

INFO: [Common 17-78] Attempting to get a license: PlanAhead
INFO: [Common 17-290] Got license for PlanAhead
INFO: [Device 21-36] Loading parts and site information from F:/XilinxISEWeMiF/14.7/ISE_DS/PlanAhead/data/parts/arch.xml
Parsing RTL primitives file [F:/XilinxISEWeMiF/14.7/ISE_DS/PlanAhead/data/parts/xilinx/rtl/prims/rtl_prims.xml]
Finished parsing RTL primitives file [F:/XilinxISEWeMiF/14.7/ISE_DS/PlanAhead/data/parts/xilinx/rtl/prims/rtl_prims.xml]
start_gui
source F:/XilinxISEWeMiF/DKopiec/CA/pa.fromHdl.tcl
# create_project -name CA -dir "F:/XilinxISEWeMiF/DKopiec/CA/planAhead_run_2" -part xc3s500efg320-4
# set_param project.pinAheadLayout yes
# set srcset [get_property srcset [current_run -impl]]
# set_property target_constrs_file "DAC_TOP.ucf" [current_fileset -constrset]
Adding file 'F:/XilinxISEWeMiF/DKopiec/CA/DAC_TOP.ucf' to fileset 'constrs_1'
# set hdlfile [add_files [list {DAC_Control.vhd}]]
# set_property file_type VHDL $hdlfile
# set_property library work $hdlfile
# set hdlfile [add_files [list {DAC_TOP.vhd}]]
# set_property file_type VHDL $hdlfile
# set_property library work $hdlfile
# set_property top DAC_TOP $srcset
# add_files [list {DAC_TOP.ucf}] -fileset [get_property constrset [current_run]]
# open_rtl_design -part xc3s500efg320-4
Using Verific elaboration
Parsing VHDL file "F:/XilinxISEWeMiF/14.7/ISE_DS/PlanAhead/data/parts/xilinx/rtl/lib/synplify/synattr.vhd" into library synplify
Parsing VHDL file "F:/XilinxISEWeMiF/14.7/ISE_DS/PlanAhead/data/parts/xilinx/rtl/lib/synplify/synattr.vhd" into library synplify
Parsing VHDL file "F:/XilinxISEWeMiF/DKopiec/CA/DAC_Control.vhd" into library work
Parsing VHDL file "F:/XilinxISEWeMiF/DKopiec/CA/DAC_TOP.vhd" into library work
INFO: [Designutils 20-910] Reading macro library F:/XilinxISEWeMiF/14.7/ISE_DS/PlanAhead/data\./parts/xilinx/spartan3e/spartan3e/hd_int_macros.edn
Parsing EDIF File [F:/XilinxISEWeMiF/14.7/ISE_DS/PlanAhead/data\./parts/xilinx/spartan3e/spartan3e/hd_int_macros.edn]
Finished Parsing EDIF File [F:/XilinxISEWeMiF/14.7/ISE_DS/PlanAhead/data\./parts/xilinx/spartan3e/spartan3e/hd_int_macros.edn]
Loading clock regions from F:/XilinxISEWeMiF/14.7/ISE_DS/PlanAhead/data\parts/xilinx/spartan3e/spartan3e/xc3s500e/ClockRegion.xml
Loading clock buffers from F:/XilinxISEWeMiF/14.7/ISE_DS/PlanAhead/data\parts/xilinx/spartan3e/spartan3e/xc3s500e/ClockBuffers.xml
Loading package from F:/XilinxISEWeMiF/14.7/ISE_DS/PlanAhead/data\parts/xilinx/spartan3e/spartan3e/xc3s500e/fg320/Package.xml
Loading io standards from F:/XilinxISEWeMiF/14.7/ISE_DS/PlanAhead/data\./parts/xilinx/spartan3e/IOStandards.xml
INFO: [Device 21-19] Loading pkg sso from F:/XilinxISEWeMiF/14.7/ISE_DS/PlanAhead/data\parts/xilinx/spartan3e/spartan3e/xc3s500e/fg320/SSORules.xml
Loading list of drcs for the architecture : F:/XilinxISEWeMiF/14.7/ISE_DS/PlanAhead/data\./parts/xilinx/spartan3e/spartan3e/drc.xml
INFO: [Timing 38-77] Reading timing library F:/XilinxISEWeMiF/14.7/ISE_DS/PlanAhead/data\parts/xilinx/spartan3e/spartan3e/spartan3e-4.lib.
INFO: [Timing 38-34] Done reading timing library F:/XilinxISEWeMiF/14.7/ISE_DS/PlanAhead/data\parts/xilinx/spartan3e/spartan3e/spartan3e-4.lib.
Parsing UCF File [F:/XilinxISEWeMiF/DKopiec/CA/DAC_TOP.ucf]
Finished Parsing UCF File [F:/XilinxISEWeMiF/DKopiec/CA/DAC_TOP.ucf]
INFO: [Project 1-111] Unisim Transformation Summary:
No Unisim elements were transformed.

Phase 0 | Netlist Checksum: 9b07139b
open_rtl_design: Time (s): elapsed = 00:00:07 . Memory (MB): peak = 580.676 ; gain = 122.258
update_compile_order -fileset sim_1
exit
ERROR: [Common 17-39] 'stop_gui' failed due to earlier errors.
INFO: [Common 17-206] Exiting PlanAhead at Wed Mar 25 23:43:46 2015...
INFO: [Common 17-83] Releasing license: PlanAhead
